[32mINFO[0m:     [14-03-2025 21:51:10] Set chroma_server_nofile to 65535
[32mINFO[0m:     [14-03-2025 21:51:11] Anonymized telemetry enabled. See                     https://docs.trychroma.com/telemetry for more information.
[36mDEBUG[0m:    [14-03-2025 21:51:11] Starting component System
[36mDEBUG[0m:    [14-03-2025 21:51:11] Starting component OpenTelemetryClient
[36mDEBUG[0m:    [14-03-2025 21:51:11] Starting component SqliteDB
[36mDEBUG[0m:    [14-03-2025 21:51:11] Starting component SimpleQuotaEnforcer
[36mDEBUG[0m:    [14-03-2025 21:51:11] Starting component Posthog
[36mDEBUG[0m:    [14-03-2025 21:51:11] Starting component SimpleRateLimitEnforcer
[36mDEBUG[0m:    [14-03-2025 21:51:11] Starting component LocalSegmentManager
[36mDEBUG[0m:    [14-03-2025 21:51:11] Starting component LocalExecutor
[36mDEBUG[0m:    [14-03-2025 21:51:11] Starting component SegmentAPI
[36mDEBUG[0m:    [14-03-2025 21:51:11] Starting component SimpleAsyncRateLimitEnforcer
[32mINFO[0m:     [14-03-2025 21:51:11] Started server process [[36m642[0m]
[32mINFO[0m:     [14-03-2025 21:51:11] Waiting for application startup.
[32mINFO[0m:     [14-03-2025 21:51:11] Application startup complete.
[32mINFO[0m:     [14-03-2025 21:51:11] Uvicorn running on [1mhttp://localhost:8000[0m (Press CTRL+C to quit)
[32mINFO[0m:     [14-03-2025 21:52:25] Shutting down
[32mINFO[0m:     [14-03-2025 21:52:25] Waiting for application shutdown.
[36mDEBUG[0m:    [14-03-2025 21:52:25] Stopping component System
[36mDEBUG[0m:    [14-03-2025 21:52:25] Stopping component SegmentAPI
[36mDEBUG[0m:    [14-03-2025 21:52:25] Stopping component LocalExecutor
[36mDEBUG[0m:    [14-03-2025 21:52:25] Stopping component LocalSegmentManager
[36mDEBUG[0m:    [14-03-2025 21:52:25] Stopping component SimpleAsyncRateLimitEnforcer
[36mDEBUG[0m:    [14-03-2025 21:52:25] Stopping component SimpleRateLimitEnforcer
[36mDEBUG[0m:    [14-03-2025 21:52:25] Stopping component Posthog
[36mDEBUG[0m:    [14-03-2025 21:52:25] Stopping component SimpleQuotaEnforcer
[36mDEBUG[0m:    [14-03-2025 21:52:25] Stopping component SqliteDB
[36mDEBUG[0m:    [14-03-2025 21:52:25] Stopping component OpenTelemetryClient
[32mINFO[0m:     [14-03-2025 21:52:25] Application shutdown complete.
[32mINFO[0m:     [14-03-2025 21:52:25] Finished server process [[36m642[0m]
[32mINFO[0m:     [14-03-2025 21:58:34] Set chroma_server_nofile to 65535
[32mINFO[0m:     [14-03-2025 21:58:35] Anonymized telemetry enabled. See                     https://docs.trychroma.com/telemetry for more information.
[36mDEBUG[0m:    [14-03-2025 21:58:35] Starting component System
[36mDEBUG[0m:    [14-03-2025 21:58:35] Starting component OpenTelemetryClient
[36mDEBUG[0m:    [14-03-2025 21:58:35] Starting component SqliteDB
[36mDEBUG[0m:    [14-03-2025 21:58:35] Starting component SimpleQuotaEnforcer
[36mDEBUG[0m:    [14-03-2025 21:58:35] Starting component Posthog
[36mDEBUG[0m:    [14-03-2025 21:58:35] Starting component SimpleRateLimitEnforcer
[36mDEBUG[0m:    [14-03-2025 21:58:35] Starting component LocalSegmentManager
[36mDEBUG[0m:    [14-03-2025 21:58:35] Starting component LocalExecutor
[36mDEBUG[0m:    [14-03-2025 21:58:35] Starting component SegmentAPI
[36mDEBUG[0m:    [14-03-2025 21:58:35] Starting component SimpleAsyncRateLimitEnforcer
[32mINFO[0m:     [14-03-2025 21:58:35] Started server process [[36m695[0m]
[32mINFO[0m:     [14-03-2025 21:58:35] Waiting for application startup.
[32mINFO[0m:     [14-03-2025 21:58:35] Application startup complete.
[32mINFO[0m:     [14-03-2025 21:58:35] Uvicorn running on [1mhttp://localhost:8000[0m (Press CTRL+C to quit)
[32mINFO[0m:     [14-03-2025 22:00:38] Shutting down
[32mINFO[0m:     [14-03-2025 22:00:38] Waiting for application shutdown.
[36mDEBUG[0m:    [14-03-2025 22:00:38] Stopping component System
[36mDEBUG[0m:    [14-03-2025 22:00:38] Stopping component SegmentAPI
[36mDEBUG[0m:    [14-03-2025 22:00:38] Stopping component LocalExecutor
[36mDEBUG[0m:    [14-03-2025 22:00:38] Stopping component LocalSegmentManager
[36mDEBUG[0m:    [14-03-2025 22:00:38] Stopping component SimpleAsyncRateLimitEnforcer
[36mDEBUG[0m:    [14-03-2025 22:00:38] Stopping component SimpleRateLimitEnforcer
[36mDEBUG[0m:    [14-03-2025 22:00:38] Stopping component Posthog
[36mDEBUG[0m:    [14-03-2025 22:00:38] Stopping component SimpleQuotaEnforcer
[36mDEBUG[0m:    [14-03-2025 22:00:38] Stopping component SqliteDB
[36mDEBUG[0m:    [14-03-2025 22:00:38] Stopping component OpenTelemetryClient
[32mINFO[0m:     [14-03-2025 22:00:38] Application shutdown complete.
[32mINFO[0m:     [14-03-2025 22:00:38] Finished server process [[36m695[0m]
[32mINFO[0m:     [14-03-2025 22:04:59] Set chroma_server_nofile to 65535
[32mINFO[0m:     [14-03-2025 22:05:00] Anonymized telemetry enabled. See                     https://docs.trychroma.com/telemetry for more information.
[36mDEBUG[0m:    [14-03-2025 22:05:00] Starting component System
[36mDEBUG[0m:    [14-03-2025 22:05:00] Starting component OpenTelemetryClient
[36mDEBUG[0m:    [14-03-2025 22:05:00] Starting component SqliteDB
[36mDEBUG[0m:    [14-03-2025 22:05:00] Starting component SimpleQuotaEnforcer
[36mDEBUG[0m:    [14-03-2025 22:05:00] Starting component Posthog
[36mDEBUG[0m:    [14-03-2025 22:05:00] Starting component SimpleRateLimitEnforcer
[36mDEBUG[0m:    [14-03-2025 22:05:00] Starting component LocalSegmentManager
[36mDEBUG[0m:    [14-03-2025 22:05:00] Starting component LocalExecutor
[36mDEBUG[0m:    [14-03-2025 22:05:00] Starting component SegmentAPI
[36mDEBUG[0m:    [14-03-2025 22:05:00] Starting component SimpleAsyncRateLimitEnforcer
[32mINFO[0m:     [14-03-2025 22:05:00] Started server process [[36m747[0m]
[32mINFO[0m:     [14-03-2025 22:05:00] Waiting for application startup.
[32mINFO[0m:     [14-03-2025 22:05:00] Application startup complete.
[32mINFO[0m:     [14-03-2025 22:05:00] Uvicorn running on [1mhttp://localhost:5000[0m (Press CTRL+C to quit)
[32mINFO[0m:     [14-03-2025 22:05:48] Shutting down
[32mINFO[0m:     [14-03-2025 22:05:48] Waiting for application shutdown.
[36mDEBUG[0m:    [14-03-2025 22:05:48] Stopping component System
[36mDEBUG[0m:    [14-03-2025 22:05:48] Stopping component SegmentAPI
[36mDEBUG[0m:    [14-03-2025 22:05:48] Stopping component LocalExecutor
[36mDEBUG[0m:    [14-03-2025 22:05:48] Stopping component LocalSegmentManager
[36mDEBUG[0m:    [14-03-2025 22:05:48] Stopping component SimpleAsyncRateLimitEnforcer
[36mDEBUG[0m:    [14-03-2025 22:05:48] Stopping component SimpleRateLimitEnforcer
[36mDEBUG[0m:    [14-03-2025 22:05:48] Stopping component Posthog
[36mDEBUG[0m:    [14-03-2025 22:05:48] Stopping component SimpleQuotaEnforcer
[36mDEBUG[0m:    [14-03-2025 22:05:48] Stopping component SqliteDB
[36mDEBUG[0m:    [14-03-2025 22:05:48] Stopping component OpenTelemetryClient
[32mINFO[0m:     [14-03-2025 22:05:48] Application shutdown complete.
[32mINFO[0m:     [14-03-2025 22:05:48] Finished server process [[36m747[0m]
